import { registerInstance as __stencil_registerInstance } from "@stencil/core";
import { h } from "@stencil/core";
import { CarModel } from '../../models/car.model';
export const Root = class {
    constructor(hostRef) {
        __stencil_registerInstance(this, hostRef);
        this.mockedCars = [
            new CarModel({
                image: '',
                manufacturer: 'SAAB',
                model: string,
                registrationDate: Date,
                licensePlate: string,
                designType: string,
                powerKW: number,
                capacity: number,
                vin: string,
                manufacturerKey: string,
                modelCode: string
            })
        ];
    }
    render() {
        return (h("carage-cars", null, h("carage-car-create", null), this.mockedCars.map(car => (h("carage-car-detail", { model: car })))));
    }
    static get style() { return "STYLE_TEXT_PLACEHOLDER:carage-root"; }
};
