:root {
  --font-face-default: "Montserrat", sans-serif;
  --font-weight-regular: 400;
  --font-weight-medium: 500;
}

@font-face {
  font-family: "Montserrat";
  font-style: normal;
  font-weight: var(--font-weight-regular);
  src: url("/assets/fonts/montserrat-latin-400.eot?") format("eot"), url("/assets/fonts/montserrat-latin-400.woff2") format("woff2"), url("/assets/fonts/montserrat-latin-400.woff") format("woff"), url("/assets/fonts/montserrat-latin-400.ttf") format("truetype");
}
@font-face {
  font-family: "Montserrat";
  font-style: normal;
  font-weight: var(--font-weight-medium);
  src: url("/assets/fonts/montserrat-latin-500.eot?") format("eot"), url("/assets/fonts/montserrat-latin-500.woff2") format("woff2"), url("/assets/fonts/montserrat-latin-500.woff") format("woff"), url("/assets/fonts/montserrat-latin-500.ttf") format("truetype");
}
html,
body {
  -webkit-tap-highlight-color: var(--color-transparent);
  -webkit-touch-callout: none;
  min-height: 100vh;
  -webkit-text-size-adjust: 100%;
  -ms-text-size-adjust: 100%;
  -webkit-font-smoothing: antialiased;
  -moz-osx-font-smoothing: grayscale;
}

html {
  font-size: 10px;
  background: #ccc;
}
@media (prefers-color-scheme: dark) {
  html {
    background: #313131;
  }
}

body {
  font-family: var(--font-face-default);
  display: -webkit-box;
  display: -ms-flexbox;
  display: flex;
  -webkit-box-orient: vertical;
  -webkit-box-direction: normal;
          -ms-flex-direction: column;
          flex-direction: column;
  margin: 0;
  padding: 0;
}