:host {
  --form-background-color: var(--color-light);
  --form-placeholder-color: var(--color-medium);
  -webkit-transition: 0.2s ease-out;
  transition: 0.2s ease-out;
  -webkit-transition-property: opacity;
  transition-property: opacity;
  display: -webkit-box;
  display: -ms-flexbox;
  display: flex;
  -webkit-box-orient: vertical;
  -webkit-box-direction: normal;
          -ms-flex-direction: column;
          flex-direction: column;
}

:host(:not(.errored)) {
  --form-border-color: var(--color-light);
  --form-input-color: var(--color-dark);
  --form-label-color: var(--color-accent);
}

:host(.errored) {
  --form-border-color: var(--color-error);
  --form-input-color: var(--color-error);
  --form-label-color: var(--color-error);
}

:host(:not(.disabled)) {
  pointer-events: auto;
  opacity: 1;
}

:host(.disabled) {
  pointer-events: none;
  opacity: 0.5;
}

.input {
  -webkit-transition: 0.2s ease-out;
  transition: 0.2s ease-out;
  -webkit-transition-property: background-color, border-color, color;
  transition-property: background-color, border-color, color;
  -webkit-appearance: none;
     -moz-appearance: none;
          appearance: none;
  -webkit-box-sizing: border-box;
  box-sizing: border-box;
  display: block;
  margin: 0;
  padding: 5px 10px;
  outline: 0;
  width: 100%;
  background-color: var(--form-background-color);
  border: 2px solid var(--form-border-color);
  border-radius: 3px;
  color: var(--form-input-color);
  font: var(--font-weight-regular) inherit/1.5 var(--font-face-default);
}
.input::-webkit-input-placeholder {
  color: var(--form-placeholder-color);
  opacity: 0.9;
}
.input::-moz-placeholder {
  color: var(--form-placeholder-color);
  opacity: 0.9;
}
.input:-ms-input-placeholder {
  color: var(--form-placeholder-color);
  opacity: 0.9;
}
.input::-ms-input-placeholder {
  color: var(--form-placeholder-color);
  opacity: 0.9;
}
.input::placeholder {
  color: var(--form-placeholder-color);
  opacity: 0.9;
}

textarea {
  min-height: 225px;
  resize: vertical;
}

:root {
  --font-face-default: "Montserrat", sans-serif;
  --font-weight-regular: 400;
  --font-weight-medium: 500;
  --color-light: #fefefe;
  --color-medium: #afafaf;
  --color-dark: #313131;
  --color-accent: #4db3ff;
  --color-error: #ff7c70;
  --base-size: 10px;
}

@font-face {
  font-family: "Montserrat";
  font-style: normal;
  font-weight: 400;
  src: url("/assets/fonts/montserrat-latin-400.eot?") format("eot"), url("/assets/fonts/montserrat-latin-400.woff2") format("woff2"), url("/assets/fonts/montserrat-latin-400.woff") format("woff"), url("/assets/fonts/montserrat-latin-400.ttf") format("truetype");
}
@font-face {
  font-family: "Montserrat";
  font-style: normal;
  font-weight: 500;
  src: url("/assets/fonts/montserrat-latin-500.eot?") format("eot"), url("/assets/fonts/montserrat-latin-500.woff2") format("woff2"), url("/assets/fonts/montserrat-latin-500.woff") format("woff"), url("/assets/fonts/montserrat-latin-500.ttf") format("truetype");
}
html,
body {
  -webkit-tap-highlight-color: var(--color-transparent);
  -webkit-touch-callout: none;
  min-height: 100vh;
  -webkit-text-size-adjust: 100%;
  -ms-text-size-adjust: 100%;
  -webkit-font-smoothing: antialiased;
  -moz-osx-font-smoothing: grayscale;
}

html {
  font-size: 10px;
  overflow: hidden;
  background: var(--color-light);
  color: var(--color-dark);
}
@media (prefers-color-scheme: dark) {
  html {
    background: var(--color-dark);
    color: var(--color-light);
  }
}

body {
  font-family: var(--font-face-default);
  display: -webkit-box;
  display: -ms-flexbox;
  display: flex;
  -webkit-box-orient: vertical;
  -webkit-box-direction: normal;
          -ms-flex-direction: column;
          flex-direction: column;
  overflow: hidden;
  margin: 0;
  padding: 0;
}