:host {
  display: -webkit-box;
  display: -ms-flexbox;
  display: flex;
  -webkit-box-orient: horizontal;
  -webkit-box-direction: normal;
          -ms-flex-direction: row;
          flex-direction: row;
  width: 100%;
  overflow: hidden;
  scroll-behavior: smooth;
}
@media (pointer: coarse) {
  :host {
    overflow-x: scroll;
    -ms-scroll-snap-type: x mandatory;
        -webkit-scroll-snap-type: x mandatory;
        scroll-snap-type: x mandatory;
    -webkit-overflow-scrolling: touch;
  }
  :host::-webkit-scrollbar {
    width: 0 !important;
  }
  :host {
    overflow: -moz-scrollbars-none;
    -ms-overflow-style: none;
  }
}
:host ::slotted(*),
:host > * {
  -webkit-box-flex: 1;
          -ms-flex: 1 0 100%;
          flex: 1 0 100%;
}
@media (pointer: coarse) {
  :host ::slotted(*),
:host > * {
    scroll-snap-align: start;
    overflow: visible;
  }
}