:host {
  --form-background-color: var(--color-white, $color-white);
  --form-placeholder-color: var(--color-anthracite-blue-light, $color-anthracite-blue-light);
  -webkit-transition: 0.2s ease-out;
  transition: 0.2s ease-out;
  -webkit-transition-property: opacity;
  transition-property: opacity;
  display: -webkit-box;
  display: -ms-flexbox;
  display: flex;
  -webkit-box-orient: vertical;
  -webkit-box-direction: normal;
          -ms-flex-direction: column;
          flex-direction: column;
}

:host(:not(.errored)) {
  --form-border-color: var(--color-white, $color-white);
  --form-input-color: var(--color-charcoal-grey, $color-charcoal-grey);
  --form-label-color: var(--color-pale, $color-pale);
}

:host(.errored) {
  --form-border-color: var(--color-pale-red, $color-pale-red);
  --form-input-color: var(--color-pale-red, $color-pale-red);
  --form-label-color: var(--color-pale-red, $color-pale-red);
}

:host(:not(.disabled)) {
  pointer-events: auto;
  opacity: 1;
}

:host(.disabled) {
  pointer-events: none;
  opacity: 0.5;
}

.label {
  -webkit-transition: 0.2s ease-out;
  transition: 0.2s ease-out;
  -webkit-transition-property: color;
  transition-property: color;
  display: -webkit-box;
  display: -ms-flexbox;
  display: flex;
  -webkit-box-orient: horizontal;
  -webkit-box-direction: normal;
          -ms-flex-direction: row;
          flex-direction: row;
  padding-bottom: 10px;
  color: var(--form-label-color);
  font-size: 1.1rem;
  line-height: 1;
  white-space: nowrap;
}
:host(:not(.disabled)) .label {
  cursor: pointer;
}
:host(.disabled) .label {
  cursor: default;
}
:host(.required) .label::after {
  content: "*";
}

.input {
  -webkit-transition: 0.2s ease-out;
  transition: 0.2s ease-out;
  -webkit-transition-property: background-color, border-color, color;
  transition-property: background-color, border-color, color;
  -webkit-appearance: none;
     -moz-appearance: none;
          appearance: none;
  -webkit-box-sizing: border-box;
  box-sizing: border-box;
  display: block;
  margin: 0;
  padding: 5px 10px;
  outline: 0;
  width: 100%;
  background-color: var(--form-background-color);
  border: 2px solid var(--form-border-color);
  border-radius: 3px;
  color: var(--form-input-color);
  font: var(--font-weight-regular) 1.8rem/2.8rem var(--font-face-default);
}
.input::-webkit-input-placeholder {
  color: var(--form-placeholder-color);
  opacity: 0.9;
}
.input::-moz-placeholder {
  color: var(--form-placeholder-color);
  opacity: 0.9;
}
.input:-ms-input-placeholder {
  color: var(--form-placeholder-color);
  opacity: 0.9;
}
.input::-ms-input-placeholder {
  color: var(--form-placeholder-color);
  opacity: 0.9;
}
.input::placeholder {
  color: var(--form-placeholder-color);
  opacity: 0.9;
}

textarea {
  min-height: 225px;
  resize: vertical;
}

article {
  display: -webkit-box;
  display: -ms-flexbox;
  display: flex;
  -webkit-box-orient: vertical;
  -webkit-box-direction: normal;
          -ms-flex-direction: column;
          flex-direction: column;
  height: 100vh;
  overflow-y: scroll;
  -webkit-overflow-scrolling: touch;
}
article::-webkit-scrollbar {
  width: 0 !important;
}
article {
  overflow: -moz-scrollbars-none;
  -ms-overflow-style: none;
}

img {
  position: relative;
  height: auto;
  width: 100%;
  margin-bottom: calc(var(--base-size) * -1);
  z-index: -1;
}

h1, h2, p, dl, dd {
  margin: 0;
  padding: 0;
}

h1, h2 {
  font-weight: var(--font-weight-medium);
  line-height: 1.5;
}

h2 {
  font-size: 1.5rem;
}

h1 {
  font-size: 1.8rem;
}

dt {
  display: none;
}

dd {
  font-size: 1.5rem;
  line-height: 1.5;
}

.details {
  -webkit-box-flex: 1;
          -ms-flex: 1 0 auto;
          flex: 1 0 auto;
}

.edit {
  position: absolute;
  bottom: auto;
  left: auto;
  right: var(--base-size);
  top: var(--base-size);
}

.editor {
  -webkit-transition: 0.2s ease-out;
  transition: 0.2s ease-out;
  -webkit-transition-property: top;
  transition-property: top;
  position: fixed;
  bottom: auto;
  left: 0;
  right: 0;
  top: 110vh;
  min-height: calc(100vh - var(--base-size));
}
.is-editing .editor {
  top: var(--base-size);
}