:host {
  display: -webkit-box;
  display: -ms-flexbox;
  display: flex;
  -webkit-box-orient: vertical;
  -webkit-box-direction: normal;
          -ms-flex-direction: column;
          flex-direction: column;
  min-height: 100vh;
  padding: calc(var(--base-size) * 2);
  position: relative;
  border-top-left-radius: var(--base-size);
  border-top-right-radius: var(--base-size);
  background: var(--color-light);
}
@media (prefers-color-scheme: dark) {
  :host {
    background: var(--color-dark);
  }
}

.close {
  position: absolute;
  bottom: auto;
  left: auto;
  right: var(--base-size);
  top: var(--base-size);
}