:host {
  -webkit-box-shadow: 0 0 15px 0 rgba(0, 0, 0, 0.5);
  box-shadow: 0 0 15px 0 rgba(0, 0, 0, 0.5);
  -webkit-box-sizing: border-box;
  box-sizing: border-box;
  display: -webkit-box;
  display: -ms-flexbox;
  display: flex;
  -webkit-box-orient: vertical;
  -webkit-box-direction: normal;
          -ms-flex-direction: column;
          flex-direction: column;
  padding: calc(var(--base-size) * 2);
  position: relative;
  border-top-left-radius: var(--base-size);
  border-top-right-radius: var(--base-size);
  background: var(--color-light);
}
@media (prefers-color-scheme: dark) {
  :host {
    -webkit-box-shadow: 0 0 15px 0 rgba(0, 0, 0, 0.75);
    box-shadow: 0 0 15px 0 rgba(0, 0, 0, 0.75);
  }
}
@media (prefers-color-scheme: dark) {
  :host {
    background: var(--color-dark);
  }
}

.close {
  position: absolute;
  bottom: auto;
  left: auto;
  right: var(--base-size);
  top: var(--base-size);
}