button {
  -webkit-appearance: none;
     -moz-appearance: none;
          appearance: none;
  border: 0;
  border-radius: 10px;
  background: var(--color-accent);
  color: var(--color-light);
  cursor: pointer;
  display: inline-block;
  outline: 0;
  margin: 0;
  padding: 4px 10px 5px;
  text-align: center;
  text-decoration: none;
  text-overflow: ellipsis;
  -webkit-tap-highlight-color: rgba(0, 0, 0, 0);
  white-space: nowrap;
  -webkit-user-select: none;
     -moz-user-select: none;
      -ms-user-select: none;
          user-select: none;
  vertical-align: top;
  vertical-align: -webkit-baseline-middle;
  pointer-events: auto;
  -webkit-font-kerning: none;
          font-kerning: none;
}
button:disabled {
  cursor: default;
  pointer-events: none;
}
:host(.expand) button {
  width: 100%;
}