:root {
  --font-face-default: "";
}

html,
body {
  -webkit-tap-highlight-color: var(--color-transparent);
  -webkit-touch-callout: none;
  min-height: 100%;
  -webkit-text-size-adjust: 100%;
  -ms-text-size-adjust: 100%;
  -webkit-font-smoothing: antialiased;
  -moz-osx-font-smoothing: grayscale;
}

html {
  font-size: 10px;
}

body {
  font-family: var(--font-face-default);
  display: -webkit-box;
  display: -ms-flexbox;
  display: flex;
  -webkit-box-orient: vertical;
  -webkit-box-direction: normal;
          -ms-flex-direction: column;
          flex-direction: column;
  margin: 0;
  padding: 0;
}