:host {
  --form-background-color: var(--color-light);
  --form-placeholder-color: var(--color-medium);
  -webkit-transition: 0.2s ease-out;
  transition: 0.2s ease-out;
  -webkit-transition-property: opacity;
  transition-property: opacity;
  display: -webkit-box;
  display: -ms-flexbox;
  display: flex;
  -webkit-box-orient: vertical;
  -webkit-box-direction: normal;
          -ms-flex-direction: column;
          flex-direction: column;
}

:host(:not(.errored)) {
  --form-border-color: var(--color-light);
  --form-input-color: var(--color-dark);
  --form-label-color: var(--color-accent);
}

:host(.errored) {
  --form-border-color: var(--color-error);
  --form-input-color: var(--color-error);
  --form-label-color: var(--color-error);
}

:host(:not(.disabled)) {
  pointer-events: auto;
  opacity: 1;
}

:host(.disabled) {
  pointer-events: none;
  opacity: 0.5;
}

.input {
  -webkit-transition: 0.2s ease-out;
  transition: 0.2s ease-out;
  -webkit-transition-property: background-color, border-color, color;
  transition-property: background-color, border-color, color;
  -webkit-appearance: none;
     -moz-appearance: none;
          appearance: none;
  -webkit-box-sizing: border-box;
  box-sizing: border-box;
  display: block;
  margin: 0;
  padding: 5px 10px;
  outline: 0;
  width: 100%;
  background-color: var(--form-background-color);
  border: 2px solid var(--form-border-color);
  border-radius: 3px;
  color: var(--form-input-color);
  font: var(--font-weight-regular) 1.8rem/2.8rem var(--font-face-default);
}
.input::-webkit-input-placeholder {
  color: var(--form-placeholder-color);
  opacity: 0.9;
}
.input::-moz-placeholder {
  color: var(--form-placeholder-color);
  opacity: 0.9;
}
.input:-ms-input-placeholder {
  color: var(--form-placeholder-color);
  opacity: 0.9;
}
.input::-ms-input-placeholder {
  color: var(--form-placeholder-color);
  opacity: 0.9;
}
.input::placeholder {
  color: var(--form-placeholder-color);
  opacity: 0.9;
}

textarea {
  min-height: 225px;
  resize: vertical;
}

:host {
  -webkit-box-shadow: 0 0 15px 0 rgba(0, 0, 0, 0.5);
  box-shadow: 0 0 15px 0 rgba(0, 0, 0, 0.5);
  -webkit-box-sizing: border-box;
  box-sizing: border-box;
  display: -webkit-box;
  display: -ms-flexbox;
  display: flex;
  -webkit-box-orient: vertical;
  -webkit-box-direction: normal;
          -ms-flex-direction: column;
          flex-direction: column;
  padding: calc(var(--base-size) * 2);
  position: relative;
  border-top-left-radius: var(--base-size);
  border-top-right-radius: var(--base-size);
  background: var(--color-light);
}
@media (prefers-color-scheme: dark) {
  :host {
    -webkit-box-shadow: 0 0 15px 0 rgba(0, 0, 0, 0.75);
    box-shadow: 0 0 15px 0 rgba(0, 0, 0, 0.75);
  }
}
@media (prefers-color-scheme: dark) {
  :host {
    background: var(--color-dark);
  }
}

.close {
  position: absolute;
  bottom: auto;
  left: auto;
  right: var(--base-size);
  top: var(--base-size);
}