article {
  height: 100vh;
  overflow-y: scroll;
  -webkit-overflow-scrolling: touch;
  font-size: 12px;
  line-height: 1.2;
}
article::-webkit-scrollbar {
  width: 0 !important;
}
article {
  overflow: -moz-scrollbars-none;
  -ms-overflow-style: none;
}

img {
  position: relative;
  height: auto;
  width: 100%;
  margin-bottom: calc(var(--base-size) * -1);
  z-index: -1;
}

h1, h2, p, dl, dd {
  margin: 0;
  padding: 0;
}

.details {
  border-top-left-radius: var(--base-size);
  border-top-right-radius: var(--base-size);
  padding: calc(var(--base-size) * 2);
  background: var(--color-light);
}
@media (prefers-color-scheme: dark) {
  .details {
    background: var(--color-dark);
  }
}

h1 {
  font-size: 15px;
}

dt {
  display: none;
}

.edit {
  position: absolute;
  bottom: auto;
  left: auto;
  right: var(--base-size);
  top: var(--base-size);
}