:host {
  display: -webkit-box;
  display: -ms-flexbox;
  display: flex;
  -webkit-box-orient: vertical;
  -webkit-box-direction: normal;
          -ms-flex-direction: column;
          flex-direction: column;
  -webkit-box-flex: 1;
          -ms-flex: 1 0 auto;
          flex: 1 0 auto;
  padding: calc(var(--base-size) * 2);
  border-top-left-radius: var(--base-size);
  border-top-right-radius: var(--base-size);
  background: var(--color-light);
}
@media (prefers-color-scheme: dark) {
  :host {
    background: var(--color-dark);
  }
}