article {
  display: -webkit-box;
  display: -ms-flexbox;
  display: flex;
  -webkit-box-orient: vertical;
  -webkit-box-direction: normal;
          -ms-flex-direction: column;
          flex-direction: column;
  height: 100vh;
  overflow-y: scroll;
  -webkit-overflow-scrolling: touch;
}
article::-webkit-scrollbar {
  width: 0 !important;
}
article {
  overflow: -moz-scrollbars-none;
  -ms-overflow-style: none;
}

img {
  position: relative;
  height: auto;
  width: 100%;
  margin-bottom: calc(var(--base-size) * -1);
  z-index: -1;
}

h1, h2, p, dl, dd {
  margin: 0;
  padding: 0;
}

h1, h2 {
  font-weight: var(--font-weight-medium);
  line-height: 1.5;
}

h2 {
  font-size: 1.5rem;
}

h1 {
  font-size: 1.8rem;
}

dt {
  display: none;
}

dd {
  font-size: 1.5rem;
  line-height: 1.5;
}

.details {
  -webkit-box-flex: 1;
          -ms-flex: 1 0 auto;
          flex: 1 0 auto;
}

.edit {
  position: absolute;
  bottom: auto;
  left: auto;
  right: var(--base-size);
  top: var(--base-size);
}

.editor {
  -webkit-transition: 0.2s ease-out;
  transition: 0.2s ease-out;
  -webkit-transition-property: top;
  transition-property: top;
  position: fixed;
  bottom: auto;
  left: 0;
  right: 0;
  top: 110vh;
  height: calc(100vh - var(--base-size));
  overflow-x: scroll;
}
.editor::-webkit-scrollbar {
  width: 0 !important;
}
.editor {
  overflow: -moz-scrollbars-none;
  -ms-overflow-style: none;
}
.is-editing .editor {
  top: var(--base-size);
}