:host {
  --form-background-color: var(--color-light);
  --form-placeholder-color: var(--color-medium);
  -webkit-transition: 0.2s ease-out;
  transition: 0.2s ease-out;
  -webkit-transition-property: opacity;
  transition-property: opacity;
  display: -webkit-box;
  display: -ms-flexbox;
  display: flex;
  -webkit-box-orient: vertical;
  -webkit-box-direction: normal;
          -ms-flex-direction: column;
          flex-direction: column;
}

:host(:not(.errored)) {
  --form-border-color: var(--color-light);
  --form-input-color: var(--color-dark);
  --form-label-color: var(--color-accent);
}

:host(.errored) {
  --form-border-color: var(--color-error);
  --form-input-color: var(--color-error);
  --form-label-color: var(--color-error);
}

:host(:not(.disabled)) {
  pointer-events: auto;
  opacity: 1;
}

:host(.disabled) {
  pointer-events: none;
  opacity: 0.5;
}

.input {
  -webkit-transition: 0.2s ease-out;
  transition: 0.2s ease-out;
  -webkit-transition-property: background-color, border-color, color;
  transition-property: background-color, border-color, color;
  -webkit-appearance: none;
     -moz-appearance: none;
          appearance: none;
  -webkit-box-sizing: border-box;
  box-sizing: border-box;
  display: block;
  margin: 0;
  padding: 5px 10px;
  outline: 0;
  width: 100%;
  background-color: var(--form-background-color);
  border: 2px solid var(--form-border-color);
  border-radius: 3px;
  color: var(--form-input-color);
  font: var(--font-weight-regular) 1.8rem/2.8rem var(--font-face-default);
}
.input::-webkit-input-placeholder {
  color: var(--form-placeholder-color);
  opacity: 0.9;
}
.input::-moz-placeholder {
  color: var(--form-placeholder-color);
  opacity: 0.9;
}
.input:-ms-input-placeholder {
  color: var(--form-placeholder-color);
  opacity: 0.9;
}
.input::-ms-input-placeholder {
  color: var(--form-placeholder-color);
  opacity: 0.9;
}
.input::placeholder {
  color: var(--form-placeholder-color);
  opacity: 0.9;
}

textarea {
  min-height: 225px;
  resize: vertical;
}

:host {
  display: -webkit-box;
  display: -ms-flexbox;
  display: flex;
  -webkit-box-orient: horizontal;
  -webkit-box-direction: normal;
          -ms-flex-direction: row;
          flex-direction: row;
  height: 100vh;
  width: 100vw;
  overflow: hidden;
  scroll-behavior: smooth;
}
@media (pointer: coarse) {
  :host {
    overflow-x: scroll;
    -ms-scroll-snap-type: x mandatory;
        -webkit-scroll-snap-type: x mandatory;
        scroll-snap-type: x mandatory;
    -webkit-overflow-scrolling: touch;
  }
  :host::-webkit-scrollbar {
    width: 0 !important;
  }
  :host {
    overflow: -moz-scrollbars-none;
    -ms-overflow-style: none;
  }
}
:host ::slotted(*),
:host > * {
  -webkit-box-flex: 1;
          -ms-flex: 1 0 100%;
          flex: 1 0 100%;
  height: 100vh;
  width: 100vw;
}
@media (pointer: coarse) {
  :host ::slotted(*),
:host > * {
    scroll-snap-align: start;
    overflow: visible;
  }
}